c:\users\mahaveer\documents\pegasis_workspace\src\simulation\zigbee\x64\debug\vc142.pdb
c:\users\mahaveer\documents\pegasis_workspace\src\simulation\zigbee\x64\debug\vc142.idb
c:\users\mahaveer\documents\pegasis_workspace\src\simulation\zigbee\x64\debug\unslottedcsmaca.obj
c:\users\mahaveer\documents\pegasis_workspace\src\simulation\zigbee\x64\debug\superframe.obj
c:\users\mahaveer\documents\pegasis_workspace\src\simulation\zigbee\x64\debug\slottedcsmaca.obj
c:\users\mahaveer\documents\pegasis_workspace\src\simulation\zigbee\x64\debug\sinrcalculation.obj
c:\users\mahaveer\documents\pegasis_workspace\src\simulation\zigbee\x64\debug\locatebackoffboundary.obj
c:\users\mahaveer\documents\pegasis_workspace\src\simulation\zigbee\x64\debug\changeradiostate.obj
c:\users\mahaveer\documents\pegasis_workspace\src\simulation\zigbee\x64\debug\cca.obj
c:\users\mahaveer\documents\pegasis_workspace\src\simulation\zigbee\x64\debug\bercalculation.obj
c:\users\mahaveer\documents\pegasis_workspace\src\simulation\zigbee\x64\debug\backoffcalculation.obj
c:\users\mahaveer\documents\pegasis_workspace\src\simulation\zigbee\x64\debug\802_15_4.obj
c:\users\mahaveer\documents\pegasis_workspace\bin\bin_x64\libzigbee.dll
c:\users\mahaveer\documents\pegasis_workspace\bin\bin_x64\zigbee.pdb
c:\users\mahaveer\documents\pegasis_workspace\bin\bin_x64\zigbee.lib
c:\users\mahaveer\documents\pegasis_workspace\bin\bin_x64\zigbee.exp
c:\users\mahaveer\documents\pegasis_workspace\src\simulation\zigbee\x64\debug\zigbee.tlog\cl.command.1.tlog
c:\users\mahaveer\documents\pegasis_workspace\src\simulation\zigbee\x64\debug\zigbee.tlog\cl.read.1.tlog
c:\users\mahaveer\documents\pegasis_workspace\src\simulation\zigbee\x64\debug\zigbee.tlog\cl.write.1.tlog
c:\users\mahaveer\documents\pegasis_workspace\src\simulation\zigbee\x64\debug\zigbee.tlog\link.command.1.tlog
c:\users\mahaveer\documents\pegasis_workspace\src\simulation\zigbee\x64\debug\zigbee.tlog\link.read.1.tlog
c:\users\mahaveer\documents\pegasis_workspace\src\simulation\zigbee\x64\debug\zigbee.tlog\link.write.1.tlog
c:\users\mahaveer\documents\pegasis_workspace\src\simulation\zigbee\x64\debug\zigbee.tlog\zigbee.write.1u.tlog
