c:\users\mahaveer\documents\pegasis_workspace\src\simulation\dsr\x64\debug\vc142.pdb
c:\users\mahaveer\documents\pegasis_workspace\src\simulation\dsr\x64\debug\vc142.idb
c:\users\mahaveer\documents\pegasis_workspace\src\simulation\dsr\x64\debug\sourceroute.obj
c:\users\mahaveer\documents\pegasis_workspace\src\simulation\dsr\x64\debug\sendbuffer.obj
c:\users\mahaveer\documents\pegasis_workspace\src\simulation\dsr\x64\debug\routerequest.obj
c:\users\mahaveer\documents\pegasis_workspace\src\simulation\dsr\x64\debug\routereply.obj
c:\users\mahaveer\documents\pegasis_workspace\src\simulation\dsr\x64\debug\routeerror.obj
c:\users\mahaveer\documents\pegasis_workspace\src\simulation\dsr\x64\debug\routecache.obj
c:\users\mahaveer\documents\pegasis_workspace\src\simulation\dsr\x64\debug\pegasis.obj
c:\users\mahaveer\documents\pegasis_workspace\src\simulation\dsr\x64\debug\packetprocessing.obj
c:\users\mahaveer\documents\pegasis_workspace\src\simulation\dsr\x64\debug\network_layer_ack.obj
c:\users\mahaveer\documents\pegasis_workspace\src\simulation\dsr\x64\debug\maintbuffer.obj
c:\users\mahaveer\documents\pegasis_workspace\src\simulation\dsr\x64\debug\dsr.obj
c:\users\mahaveer\documents\pegasis_workspace\src\simulation\dsr\x64\debug\checkroutefound.obj
c:\users\mahaveer\documents\pegasis_workspace\src\simulation\dsr\x64\debug\dsr.tlog\cl.command.1.tlog
c:\users\mahaveer\documents\pegasis_workspace\src\simulation\dsr\x64\debug\dsr.tlog\cl.read.1.tlog
c:\users\mahaveer\documents\pegasis_workspace\src\simulation\dsr\x64\debug\dsr.tlog\cl.write.1.tlog
c:\users\mahaveer\documents\pegasis_workspace\src\simulation\dsr\x64\debug\dsr.tlog\link.31176.read.1.tlog
c:\users\mahaveer\documents\pegasis_workspace\src\simulation\dsr\x64\debug\dsr.tlog\link.31176.write.1.tlog
c:\users\mahaveer\documents\pegasis_workspace\src\simulation\dsr\x64\debug\dsr.tlog\link.command.1.tlog
c:\users\mahaveer\documents\pegasis_workspace\src\simulation\dsr\x64\debug\dsr.tlog\link.read.1.tlog
c:\users\mahaveer\documents\pegasis_workspace\src\simulation\dsr\x64\debug\dsr.tlog\link.write.1.tlog
